<?xml version="1.0" encoding="UTF-8"?>
<testng-results ignored="0" total="2" passed="2" failed="0" skipped="0">
  <reporter-output>
  </reporter-output>
  <suite started-at="2025-06-24T15:50:10 IST" name="Default suite" finished-at="2025-06-24T15:50:40 IST" duration-ms="30213">
    <groups>
    </groups>
    <test started-at="2025-06-24T15:50:10 IST" name="Default test" finished-at="2025-06-24T15:50:40 IST" duration-ms="30213">
      <class name="Tests.PriceAlert">
        <test-method is-config="true" signature="launchBrowser()[pri:0, instance:Tests.PriceAlert@290222c1]" started-at="2025-06-24T15:50:10 IST" name="launchBrowser" finished-at="2025-06-24T15:50:19 IST" duration-ms="8461" status="PASS">
          <reporter-output>
          </reporter-output>
        </test-method> <!-- launchBrowser -->
        <test-method signature="loginToAmazon()[pri:1, instance:Tests.PriceAlert@290222c1]" started-at="2025-06-24T15:50:19 IST" name="loginToAmazon" finished-at="2025-06-24T15:50:23 IST" duration-ms="4700" status="PASS">
          <reporter-output>
          </reporter-output>
        </test-method> <!-- loginToAmazon -->
        <test-method signature="productSearchtest()[pri:2, instance:Tests.PriceAlert@290222c1]" started-at="2025-06-24T15:50:23 IST" name="productSearchtest" finished-at="2025-06-24T15:50:40 IST" duration-ms="16646" status="PASS">
          <reporter-output>
          </reporter-output>
        </test-method> <!-- productSearchtest -->
        <test-method is-config="true" signature="closeBrowser()[pri:0, instance:Tests.PriceAlert@290222c1]" started-at="2025-06-24T15:50:40 IST" name="closeBrowser" finished-at="2025-06-24T15:50:40 IST" duration-ms="342" status="PASS">
          <reporter-output>
          </reporter-output>
        </test-method> <!-- closeBrowser -->
      </class> <!-- Tests.PriceAlert -->
    </test> <!-- Default test -->
  </suite> <!-- Default suite -->
</testng-results>
