<?xml version="1.0" encoding="UTF-8"?>
<testng-results ignored="0" total="2" passed="2" failed="0" skipped="0">
  <reporter-output>
  </reporter-output>
  <suite started-at="2025-06-21T22:05:54 IST" name="Default suite" finished-at="2025-06-21T22:07:50 IST" duration-ms="115896">
    <groups>
    </groups>
    <test started-at="2025-06-21T22:05:54 IST" name="Default test" finished-at="2025-06-21T22:07:50 IST" duration-ms="115896">
      <class name="Tests.AmazonTesecaseActions">
        <test-method is-config="true" signature="launchBrowser()[pri:0, instance:Tests.AmazonTesecaseActions@290222c1]" started-at="2025-06-21T22:05:54 IST" name="launchBrowser" finished-at="2025-06-21T22:06:12 IST" duration-ms="17871" status="PASS">
          <reporter-output>
          </reporter-output>
        </test-method> <!-- launchBrowser -->
        <test-method signature="loginToAmazon()[pri:1, instance:Tests.AmazonTesecaseActions@290222c1]" started-at="2025-06-21T22:06:12 IST" name="loginToAmazon" finished-at="2025-06-21T22:07:15 IST" duration-ms="62650" status="PASS">
          <reporter-output>
          </reporter-output>
        </test-method> <!-- loginToAmazon -->
        <test-method signature="productSearchtest()[pri:2, instance:Tests.AmazonTesecaseActions@290222c1]" started-at="2025-06-21T22:07:15 IST" name="productSearchtest" finished-at="2025-06-21T22:07:50 IST" duration-ms="34894" status="PASS">
          <reporter-output>
          </reporter-output>
        </test-method> <!-- productSearchtest -->
        <test-method is-config="true" signature="closeBrowser()[pri:0, instance:Tests.AmazonTesecaseActions@290222c1]" started-at="2025-06-21T22:07:50 IST" name="closeBrowser" finished-at="2025-06-21T22:07:50 IST" duration-ms="412" status="PASS">
          <reporter-output>
          </reporter-output>
        </test-method> <!-- closeBrowser -->
      </class> <!-- Tests.AmazonTesecaseActions -->
    </test> <!-- Default test -->
  </suite> <!-- Default suite -->
</testng-results>
